Start testing: Jun 27 11:05 CDT
----------------------------------------------------------
1/5 Testing: TutorialRuns
1/5 Test: TutorialRuns
Command: "/Users/sgarcia/Code/C++/building_with_cmake/installing_and_testing_an_added_library/build/Tutorial" "25"
Directory: /Users/sgarcia/Code/C++/building_with_cmake/installing_and_testing_an_added_library/build
"TutorialRuns" start time: Jun 27 11:05 CDT
Output:
----------------------------------------------------------
Computing sqrt of 25 to be 13
Computing sqrt of 25 to be 7.46154
Computing sqrt of 25 to be 5.40603
Computing sqrt of 25 to be 5.01525
Computing sqrt of 25 to be 5.00002
Computing sqrt of 25 to be 5
Computing sqrt of 25 to be 5
Computing sqrt of 25 to be 5
Computing sqrt of 25 to be 5
Computing sqrt of 25 to be 5
The square root of 25 is 5
<end of output>
Test time =   0.00 sec
----------------------------------------------------------
Test Passed.
"TutorialRuns" end time: Jun 27 11:05 CDT
"TutorialRuns" time elapsed: 00:00:00
----------------------------------------------------------

2/5 Testing: TutorialSmall
2/5 Test: TutorialSmall
Command: "/Users/sgarcia/Code/C++/building_with_cmake/installing_and_testing_an_added_library/build/Tutorial" "0.0001"
Directory: /Users/sgarcia/Code/C++/building_with_cmake/installing_and_testing_an_added_library/build
"TutorialSmall" start time: Jun 27 11:05 CDT
Output:
----------------------------------------------------------
Computing sqrt of 0.0001 to be 0.50005
Computing sqrt of 0.0001 to be 0.250125
Computing sqrt of 0.0001 to be 0.125262
Computing sqrt of 0.0001 to be 0.0630304
Computing sqrt of 0.0001 to be 0.0323084
Computing sqrt of 0.0001 to be 0.0177018
Computing sqrt of 0.0001 to be 0.0116755
Computing sqrt of 0.0001 to be 0.0101202
Computing sqrt of 0.0001 to be 0.0100007
Computing sqrt of 0.0001 to be 0.01
The square root of 0.0001 is 0.01
<end of output>
Test time =   0.00 sec
----------------------------------------------------------
Test Pass Reason:
Required regular expression found.Regex=[0.0001 is 0.01
]
"TutorialSmall" end time: Jun 27 11:05 CDT
"TutorialSmall" time elapsed: 00:00:00
----------------------------------------------------------

3/5 Testing: TutorialUsage
3/5 Test: TutorialUsage
Command: "/Users/sgarcia/Code/C++/building_with_cmake/installing_and_testing_an_added_library/build/Tutorial"
Directory: /Users/sgarcia/Code/C++/building_with_cmake/installing_and_testing_an_added_library/build
"TutorialUsage" start time: Jun 27 11:05 CDT
Output:
----------------------------------------------------------
/Users/sgarcia/Code/C++/building_with_cmake/installing_and_testing_an_added_library/build/Tutorial Version 1.0
Usage: /Users/sgarcia/Code/C++/building_with_cmake/installing_and_testing_an_added_library/build/Tutorial number
<end of output>
Test time =   0.00 sec
----------------------------------------------------------
Test Pass Reason:
Required regular expression found.Regex=[Usage:.*number
]
"TutorialUsage" end time: Jun 27 11:05 CDT
"TutorialUsage" time elapsed: 00:00:00
----------------------------------------------------------

4/5 Testing: TutorialComp25
4/5 Test: TutorialComp25
Command: "/Users/sgarcia/Code/C++/building_with_cmake/installing_and_testing_an_added_library/build/Tutorial" "25"
Directory: /Users/sgarcia/Code/C++/building_with_cmake/installing_and_testing_an_added_library/build
"TutorialComp25" start time: Jun 27 11:05 CDT
Output:
----------------------------------------------------------
Computing sqrt of 25 to be 13
Computing sqrt of 25 to be 7.46154
Computing sqrt of 25 to be 5.40603
Computing sqrt of 25 to be 5.01525
Computing sqrt of 25 to be 5.00002
Computing sqrt of 25 to be 5
Computing sqrt of 25 to be 5
Computing sqrt of 25 to be 5
Computing sqrt of 25 to be 5
Computing sqrt of 25 to be 5
The square root of 25 is 5
<end of output>
Test time =   0.00 sec
----------------------------------------------------------
Test Passed.
"TutorialComp25" end time: Jun 27 11:05 CDT
"TutorialComp25" time elapsed: 00:00:00
----------------------------------------------------------

5/5 Testing: TutorialComp-25
5/5 Test: TutorialComp-25
Command: "/Users/sgarcia/Code/C++/building_with_cmake/installing_and_testing_an_added_library/build/Tutorial" "-25"
Directory: /Users/sgarcia/Code/C++/building_with_cmake/installing_and_testing_an_added_library/build
"TutorialComp-25" start time: Jun 27 11:05 CDT
Output:
----------------------------------------------------------
The square root of -25 is 0
<end of output>
Test time =   0.00 sec
----------------------------------------------------------
Test Passed.
"TutorialComp-25" end time: Jun 27 11:05 CDT
"TutorialComp-25" time elapsed: 00:00:00
----------------------------------------------------------

End testing: Jun 27 11:05 CDT
